<details> <summary> <b>luci new commit log :rocket: </b> </summary>

SHA|Author|Date|Message
-|-|-|-
5b394904d0|Paul Donald|Tue Mar 10 18:52:32 2026 +0100|luci-base: add lstat to fs
7dce75a4fb|Paul Donald|Tue Mar 10 18:02:59 2026 +0100|luci-app-unbound: return 'enabled' boolean value
3a0dd448a7|Stan Grishin|Sun Mar 8 01:17:16 2026 +0000|luci-app-pbr: update to 1.2.2-r10
275b59857a|Stan Grishin|Sat Mar 7 19:19:11 2026 +0000|luci-app-adblock-fast: update to 1.2.2-r10
7e202d60e3|Dirk Brenken|Sun Mar 8 18:59:11 2026 +0100|luci-app-adblock: sync with adblock 4.5.2-3
36112eed71|Hannu Nyman|Sat Mar 7 21:28:14 2026 +0200|treewide: backport translations and sync
789365803b|Paul Donald|Fri Mar 6 18:47:49 2026 +0100|luci-app-p910nd: retain unchecked value for bidirectionality
57ceef6489|Hannu Nyman|Fri Mar 6 18:34:21 2026 +0200|luci-base: update timezone data to 2026a
b89e6b3872|Dirk Brenken|Thu Mar 5 21:06:15 2026 +0100|luci-app-adblock: sync with adblock 4.5.2-2
8ad4593e09|Stan Grishin|Wed Mar 4 02:01:35 2026 +0000|luci-app-https-dns-proxy: bugfix: provider edit
d5aa3cd3d4|Paul Donald|Thu Mar 5 18:50:00 2026 +0100|luci-mod-network: allow interface names to max of 15 chars
568608fc1a|Paul Donald|Thu Mar 5 16:09:23 2026 +0100|luci-proto-wireguard: add download link for peer config
971a52da29|Ramon Van Gorkom|Mon Mar 2 19:41:15 2026 +0100|luci-app-usteer: add sta info in tooltip
80725ff7f6|Stan Grishin|Tue Mar 3 18:43:30 2026 +0000|luci-app-adblock-fast: update to 1.2.2-r8
44534511c1|Eric Fahlgren|Tue Mar 3 15:05:45 2026 -0800|luci-layer2: create a minimal collection for layer-2 devices

.....................

</details>
